TN:
SF:index.js
FN:7,(anonymous_0)
FNF:1
FNH:1
FNDA:16,(anonymous_0)
DA:1,1
DA:2,1
DA:4,1
DA:5,1
DA:7,1
DA:8,16
DA:12,16
DA:13,16
DA:14,16
DA:15,6
DA:17,10
LF:11
LH:11
BRDA:14,0,0,6
BRDA:14,0,1,10
BRF:2
BRH:2
end_of_record
TN:
SF:config/index.js
FNF:0
FNH:0
DA:1,1
DA:3,1
DA:7,1
DA:8,1
DA:11,1
LF:5
LH:5
BRF:0
BRH:0
end_of_record
TN:
SF:config/schema/schema.js
FNF:0
FNH:0
DA:1,1
DA:3,1
LF:2
LH:2
BRF:0
BRH:0
end_of_record
TN:
SF:controllers/app.js
FN:9,(anonymous_0)
FN:10,(anonymous_1)
FN:12,(anonymous_2)
FN:23,(anonymous_3)
FN:29,(anonymous_4)
FN:41,(anonymous_5)
FN:43,(anonymous_6)
FN:48,(anonymous_7)
FN:59,(anonymous_8)
FNF:9
FNH:8
FNDA:0,(anonymous_0)
FNDA:3,(anonymous_1)
FNDA:10,(anonymous_2)
FNDA:18,(anonymous_3)
FNDA:295,(anonymous_4)
FNDA:18,(anonymous_5)
FNDA:121,(anonymous_6)
FNDA:19,(anonymous_7)
FNDA:10,(anonymous_8)
DA:1,1
DA:3,1
DA:4,1
DA:6,1
DA:7,1
DA:9,1
DA:10,3
DA:12,1
DA:13,10
DA:14,10
DA:15,10
DA:16,5
DA:18,5
DA:23,5
DA:24,18
DA:25,0
DA:27,18
DA:30,295
DA:31,40
DA:33,255
DA:35,295
DA:40,5
DA:41,5
DA:42,18
DA:43,18
DA:44,121
DA:48,18
DA:49,19
DA:51,18
DA:53,5
DA:54,5
DA:55,5
DA:59,5
DA:60,10
DA:61,10
DA:66,5
DA:67,10
DA:78,5
DA:79,5
LF:39
LH:38
BRDA:15,0,0,5
BRDA:15,0,1,5
BRDA:24,1,0,0
BRDA:24,1,1,18
BRDA:30,2,0,40
BRDA:30,2,1,255
BRDA:40,3,0,5
BRDA:40,3,1,0
BRDA:44,4,0,75
BRDA:44,4,1,46
BRDA:49,5,0,19
BRDA:49,5,1,0
BRDA:53,6,0,5
BRDA:53,6,1,0
BRDA:54,7,0,5
BRDA:54,7,1,1
BRF:16
BRH:12
end_of_record
TN:
SF:controllers/sqs.js
FN:12,(anonymous_0)
FN:53,(anonymous_1)
FN:60,(anonymous_2)
FNF:3
FNH:2
FNDA:0,(anonymous_0)
FNDA:6,(anonymous_1)
FNDA:6,(anonymous_2)
DA:1,1
DA:2,1
DA:4,1
DA:5,1
DA:7,1
DA:9,1
DA:10,1
DA:12,1
DA:21,0
DA:45,0
DA:46,0
DA:47,0
DA:49,0
DA:53,1
DA:54,6
DA:60,6
DA:69,6
DA:70,6
DA:76,6
DA:77,6
LF:20
LH:15
BRF:0
BRH:0
end_of_record
TN:
SF:importJobs/appSftpResFamilyBRS.js
FN:4,(anonymous_0)
FN:52,(anonymous_1)
FN:71,(anonymous_2)
FN:216,(anonymous_3)
FN:226,(anonymous_4)
FN:230,(anonymous_5)
FN:234,(anonymous_6)
FN:239,(anonymous_7)
FN:246,(anonymous_8)
FNF:9
FNH:9
FNDA:1,(anonymous_0)
FNDA:4,(anonymous_1)
FNDA:4,(anonymous_2)
FNDA:4,(anonymous_3)
FNDA:4,(anonymous_4)
FNDA:4,(anonymous_5)
FNDA:4,(anonymous_6)
FNDA:4,(anonymous_7)
FNDA:4,(anonymous_8)
DA:1,1
DA:2,1
DA:4,1
DA:5,1
DA:6,1
DA:7,1
DA:10,1
DA:17,1
DA:53,4
DA:72,4
DA:217,4
DA:218,3
DA:222,3
DA:224,1
DA:227,4
DA:231,4
DA:235,4
DA:240,4
DA:246,4
LF:19
LH:19
BRDA:217,0,0,3
BRDA:217,0,1,1
BRDA:217,1,0,4
BRDA:217,1,1,3
BRDA:227,2,0,3
BRDA:227,2,1,1
BRDA:231,3,0,1
BRDA:231,3,1,3
BRDA:235,4,0,3
BRDA:235,4,1,1
BRDA:240,5,0,4
BRDA:240,5,1,3
BRDA:240,5,2,3
BRDA:240,5,3,3
BRDA:240,5,4,3
BRDA:240,5,5,3
BRF:16
BRH:16
end_of_record
TN:
SF:importJobs/appSftpResFamilyCLC.js
FN:52,checkIfSelfExists
FN:59,getDataFromSelfRelationship
FN:89,(anonymous_2)
FN:90,(anonymous_3)
FN:91,(anonymous_4)
FN:92,(anonymous_5)
FN:93,(anonymous_6)
FN:94,(anonymous_7)
FN:112,(anonymous_8)
FN:131,(anonymous_9)
FN:140,(anonymous_10)
FN:141,(anonymous_11)
FN:145,(anonymous_12)
FN:149,(anonymous_13)
FN:155,(anonymous_14)
FN:156,(anonymous_15)
FN:161,(anonymous_16)
FN:172,(anonymous_17)
FN:177,(anonymous_18)
FNF:19
FNH:19
FNDA:20,checkIfSelfExists
FNDA:20,getDataFromSelfRelationship
FNDA:4,(anonymous_2)
FNDA:4,(anonymous_3)
FNDA:4,(anonymous_4)
FNDA:4,(anonymous_5)
FNDA:4,(anonymous_6)
FNDA:4,(anonymous_7)
FNDA:4,(anonymous_8)
FNDA:4,(anonymous_9)
FNDA:4,(anonymous_10)
FNDA:4,(anonymous_11)
FNDA:4,(anonymous_12)
FNDA:4,(anonymous_13)
FNDA:4,(anonymous_14)
FNDA:60,(anonymous_15)
FNDA:33,(anonymous_16)
FNDA:4,(anonymous_17)
FNDA:4,(anonymous_18)
DA:1,1
DA:2,1
DA:4,1
DA:5,1
DA:53,20
DA:54,90
DA:56,5
DA:60,20
DA:61,20
DA:62,15
DA:64,5
DA:67,1
DA:89,4
DA:90,4
DA:91,4
DA:92,4
DA:93,4
DA:95,4
DA:96,4
DA:97,60
DA:108,4
DA:112,4
DA:132,4
DA:140,4
DA:142,4
DA:146,4
DA:150,4
DA:151,4
DA:156,4
DA:157,60
DA:161,4
DA:162,33
DA:163,8
DA:165,25
DA:167,33
DA:169,4
DA:173,4
DA:177,4
LF:38
LH:38
BRDA:54,0,0,15
BRDA:54,0,1,75
BRDA:61,1,0,15
BRDA:61,1,1,5
BRDA:132,2,0,2
BRDA:132,2,1,2
BRDA:134,3,0,2
BRDA:134,3,1,0
BRDA:136,4,0,0
BRDA:136,4,1,0
BRDA:142,5,0,3
BRDA:142,5,1,1
BRDA:146,6,0,1
BRDA:146,6,1,3
BRDA:151,7,0,3
BRDA:151,7,1,1
BRDA:158,8,0,60
BRDA:158,8,1,36
BRDA:158,8,2,36
BRDA:162,9,0,8
BRDA:162,9,1,25
BRDA:173,10,0,4
BRDA:173,10,1,2
BRDA:173,10,2,2
BRDA:173,10,3,2
BRF:25
BRH:22
end_of_record
TN:
SF:importJobs/appSftpResFamilyPCC.js
FN:12,(anonymous_0)
FN:50,(anonymous_1)
FN:68,(anonymous_2)
FN:96,(anonymous_3)
FN:97,(anonymous_4)
FN:104,(anonymous_5)
FN:108,(anonymous_6)
FN:112,(anonymous_7)
FN:117,(anonymous_8)
FN:126,(anonymous_9)
FNF:10
FNH:10
FNDA:1,(anonymous_0)
FNDA:4,(anonymous_1)
FNDA:4,(anonymous_2)
FNDA:4,(anonymous_3)
FNDA:4,(anonymous_4)
FNDA:4,(anonymous_5)
FNDA:4,(anonymous_6)
FNDA:4,(anonymous_7)
FNDA:4,(anonymous_8)
FNDA:4,(anonymous_9)
DA:1,1
DA:3,1
DA:12,1
DA:13,1
DA:14,1
DA:15,1
DA:20,1
DA:51,4
DA:69,4
DA:96,4
DA:98,4
DA:99,4
DA:100,1
DA:102,4
DA:105,4
DA:109,4
DA:113,4
DA:118,4
DA:126,4
LF:19
LH:19
BRDA:98,0,0,1
BRDA:98,0,1,3
BRDA:99,1,0,1
BRDA:99,1,1,3
BRDA:105,2,0,4
BRDA:105,2,1,0
BRDA:109,3,0,2
BRDA:109,3,1,2
BRDA:113,4,0,3
BRDA:113,4,1,1
BRDA:118,5,0,4
BRDA:118,5,1,1
BRDA:118,5,2,1
BRDA:118,5,3,1
BRDA:118,5,4,1
BRDA:118,5,5,1
BRDA:118,5,6,1
BRDA:118,5,7,1
BRF:18
BRH:17
end_of_record
TN:
SF:importJobs/appSftpResSparrow.js
FN:3,(anonymous_0)
FN:32,(anonymous_1)
FN:40,(anonymous_2)
FN:44,(anonymous_3)
FN:48,(anonymous_4)
FN:53,(anonymous_5)
FN:58,(anonymous_6)
FNF:7
FNH:7
FNDA:1,(anonymous_0)
FNDA:3,(anonymous_1)
FNDA:3,(anonymous_2)
FNDA:3,(anonymous_3)
FNDA:3,(anonymous_4)
FNDA:3,(anonymous_5)
FNDA:3,(anonymous_6)
DA:1,1
DA:3,1
DA:4,1
DA:5,1
DA:6,1
DA:9,1
DA:32,3
DA:41,3
DA:45,3
DA:49,3
DA:54,3
DA:58,3
LF:12
LH:12
BRDA:41,0,0,2
BRDA:41,0,1,1
BRDA:45,1,0,1
BRDA:45,1,1,2
BRDA:49,2,0,3
BRDA:49,2,1,0
BRDA:54,3,0,3
BRDA:54,3,1,2
BRDA:54,3,2,2
BRDA:54,3,3,2
BRF:10
BRH:9
end_of_record
TN:
SF:importJobs/appSftpStaffBuckner.js
FN:27,(anonymous_0)
FN:28,(anonymous_1)
FN:29,(anonymous_2)
FN:53,(anonymous_3)
FN:76,(anonymous_4)
FN:77,(anonymous_5)
FN:79,(anonymous_6)
FNF:7
FNH:7
FNDA:3,(anonymous_0)
FNDA:3,(anonymous_1)
FNDA:3,(anonymous_2)
FNDA:3,(anonymous_3)
FNDA:3,(anonymous_4)
FNDA:3,(anonymous_5)
FNDA:3,(anonymous_6)
DA:1,1
DA:3,1
DA:5,1
DA:27,3
DA:28,3
DA:30,3
DA:48,3
DA:49,1
DA:51,2
DA:54,3
DA:58,1
DA:60,2
DA:61,2
DA:63,0
DA:76,3
DA:77,3
DA:79,3
LF:17
LH:16
BRDA:48,0,0,1
BRDA:48,0,1,2
BRDA:54,1,0,1
BRDA:54,1,1,2
BRDA:55,2,0,3
BRDA:55,2,1,3
BRDA:60,3,0,2
BRDA:60,3,1,0
BRDA:76,4,0,2
BRDA:76,4,1,1
BRF:10
BRH:9
end_of_record
TN:
SF:importJobs/index.js
FNF:0
FNH:0
DA:1,1
DA:2,1
DA:3,1
DA:4,1
DA:5,1
DA:7,1
LF:6
LH:6
BRF:0
BRH:0
end_of_record
TN:
SF:modules/caremerge.js
FN:8,(anonymous_0)
FN:33,(anonymous_1)
FN:64,(anonymous_2)
FNF:3
FNH:3
FNDA:8,(anonymous_0)
FNDA:6,(anonymous_1)
FNDA:6,(anonymous_2)
DA:1,1
DA:2,1
DA:3,1
DA:4,1
DA:6,1
DA:8,1
DA:9,8
DA:10,8
DA:11,8
DA:21,8
DA:22,8
DA:23,8
DA:24,8
DA:25,5
DA:26,5
DA:28,3
DA:29,3
DA:33,1
DA:34,6
DA:35,6
DA:36,6
DA:37,6
DA:53,6
DA:54,4
DA:56,2
DA:58,6
DA:60,0
DA:61,0
DA:64,1
DA:70,6
DA:71,6
DA:72,6
DA:73,6
DA:74,9
DA:75,9
DA:76,8
DA:77,8
DA:78,3
DA:79,3
DA:81,5
DA:83,6
LF:41
LH:39
BRDA:48,0,0,6
BRDA:48,0,1,0
BRDA:53,1,0,4
BRDA:53,1,1,2
BRDA:73,2,0,15
BRDA:73,2,1,10
BRDA:75,3,0,8
BRDA:75,3,1,1
BRDA:75,4,0,9
BRDA:75,4,1,2
BRDA:75,4,2,2
BRDA:77,5,0,3
BRDA:77,5,1,5
BRF:13
BRH:12
end_of_record
TN:
SF:modules/logger.js
FNF:0
FNH:0
DA:1,1
DA:2,1
DA:4,1
DA:11,1
DA:13,1
LF:5
LH:5
BRF:0
BRH:0
end_of_record
TN:
SF:modules/sftp.js
FN:4,(anonymous_0)
FNF:1
FNH:0
FNDA:0,(anonymous_0)
DA:1,1
DA:2,1
DA:4,1
DA:5,0
DA:6,0
DA:13,0
DA:14,0
DA:15,0
DA:17,0
DA:19,0
DA:21,0
DA:22,0
DA:24,0
DA:28,0
LF:14
LH:3
BRF:0
BRH:0
end_of_record
TN:
SF:modules/utils.js
FN:1,(anonymous_0)
FN:20,(anonymous_1)
FNF:2
FNH:1
FNDA:0,(anonymous_0)
FNDA:10,(anonymous_1)
DA:1,1
DA:2,0
DA:3,0
DA:4,0
DA:5,0
DA:7,0
DA:8,0
DA:10,0
DA:11,0
DA:13,0
DA:14,0
DA:17,0
DA:20,1
DA:21,10
DA:22,10
DA:23,0
DA:25,10
DA:26,0
DA:28,10
DA:29,10
DA:30,0
DA:32,10
DA:33,10
DA:35,0
LF:24
LH:9
BRDA:2,0,0,0
BRDA:2,0,1,0
BRDA:4,1,0,0
BRDA:4,1,1,0
BRDA:4,2,0,0
BRDA:4,2,1,0
BRDA:4,2,2,0
BRDA:10,3,0,0
BRDA:10,3,1,0
BRDA:13,4,0,0
BRDA:13,4,1,0
BRDA:22,5,0,0
BRDA:22,5,1,10
BRDA:25,6,0,0
BRDA:25,6,1,10
BRDA:29,7,0,0
BRDA:29,7,1,10
BRDA:32,8,0,10
BRDA:32,8,1,0
BRF:19
BRH:4
end_of_record
